<?xml version="1.0" encoding="UTF-8"?>
<!-- Generated by org.testng.reporters.JUnitXMLReporter -->
<testsuite hostname="Adityas-MacBook-Air.local" ignored="6" name="Surefire test" tests="1" failures="0" timestamp="28 Dec 2019 10:13:06 GMT" time="8.039" errors="0">
  <testcase name="deleteEmployee" time="3.293" classname="tests.TestExecution"/>
  <testcase name="createEmployee" time="0.0" classname="tests.TestExecution">
    <ignored/>
  </testcase> <!-- createEmployee -->
  <testcase name="invalidLogin" time="0.0" classname="tests.TestExecution">
    <ignored/>
  </testcase> <!-- invalidLogin -->
  <testcase name="updateEmployee" time="0.0" classname="tests.TestExecution">
    <ignored/>
  </testcase> <!-- updateEmployee -->
  <testcase name="correctLogout" time="0.0" classname="tests.TestExecution">
    <ignored/>
  </testcase> <!-- correctLogout -->
  <testcase name="invalidCreateEmployee" time="0.0" classname="tests.TestExecution">
    <ignored/>
  </testcase> <!-- invalidCreateEmployee -->
  <testcase name="validLogin" time="0.0" classname="tests.TestExecution">
    <ignored/>
  </testcase> <!-- validLogin -->
</testsuite> <!-- Surefire test -->
