<?xml version="1.0" encoding="UTF-8"?>
<testng-results skipped="0" failed="0" ignored="6" total="7" passed="1">
  <reporter-output>
  </reporter-output>
  <suite name="Surefire suite" duration-ms="8039" started-at="2019-12-28T10:12:58Z" finished-at="2019-12-28T10:13:06Z">
    <groups>
    </groups>
    <test name="Surefire test" duration-ms="8039" started-at="2019-12-28T10:12:58Z" finished-at="2019-12-28T10:13:06Z">
      <class name="tests.TestExecution">
        <test-method status="PASS" signature="startBrowser()[pri:0, instance:tests.TestExecution@34b7bfc0]" name="startBrowser" is-config="true" duration-ms="4424" started-at="2019-12-28T11:12:58Z" finished-at="2019-12-28T11:13:03Z">
          <reporter-output>
          </reporter-output>
        </test-method> <!-- startBrowser -->
        <test-method status="PASS" signature="deleteEmployee()[pri:5, instance:tests.TestExecution@34b7bfc0]" name="deleteEmployee" duration-ms="3293" started-at="2019-12-28T11:13:03Z" finished-at="2019-12-28T11:13:06Z">
          <reporter-output>
          </reporter-output>
        </test-method> <!-- deleteEmployee -->
        <test-method status="PASS" signature="logoutAndCloseBrowser()[pri:0, instance:tests.TestExecution@34b7bfc0]" name="logoutAndCloseBrowser" is-config="true" duration-ms="303" started-at="2019-12-28T11:13:06Z" finished-at="2019-12-28T11:13:06Z">
          <reporter-output>
          </reporter-output>
        </test-method> <!-- logoutAndCloseBrowser -->
      </class> <!-- tests.TestExecution -->
    </test> <!-- Surefire test -->
  </suite> <!-- Surefire suite -->
</testng-results>
